Sat 25 Oct 21:33:47 BST 2025: Auto-saving...
[main 1373dfb] Auto-save: 2025-10-25 21:33:47
 2 files changed, 7 insertions(+), 4 deletions(-)
 create mode 100644 autosave.log
To https://github.com/iandogless-creator/HVAC.git
   b3b3ab0..1373dfb  main -> main
Sat 25 Oct 21:38:49 BST 2025: Auto-saving...
[main b0ec6ce] Auto-save: 2025-10-25 21:38:49
 1 file changed, 1 insertion(+)
To https://github.com/iandogless-creator/HVAC.git
   f5c0579..b0ec6ce  main -> main
Sat 25 Oct 21:43:51 BST 2025: Auto-saving...
[main 89a7b0d] Auto-save: 2025-10-25 21:43:51
 1 file changed, 1 insertion(+)
To https://github.com/iandogless-creator/HVAC.git
   44fa981..89a7b0d  main -> main
Sat 25 Oct 21:46:12 BST 2025: Auto-saving...
Sat 25 Oct 21:48:53 BST 2025: Auto-saving...
[main b4def8d] Auto-save: 2025-10-25 21:48:53
 1 file changed, 1 insertion(+)
To https://github.com/iandogless-creator/HVAC.git
   4db4d66..b4def8d  main -> main
Sat 25 Oct 21:53:55 BST 2025: Auto-saving...
[main e1d01dc] Auto-save: 2025-10-25 21:53:55
 1 file changed, 1 insertion(+)
To https://github.com/iandogless-creator/HVAC.git
   2ead611..e1d01dc  main -> main
Sat 25 Oct 21:58:57 BST 2025: Auto-saving...
[main b2cec02] Auto-save: 2025-10-25 21:58:57
 1 file changed, 1 insertion(+)
To https://github.com/iandogless-creator/HVAC.git
   cd9a527..b2cec02  main -> main
Sat 25 Oct 22:03:59 BST 2025: Auto-saving...
[main dbf2792] Auto-save: 2025-10-25 22:03:59
 1 file changed, 1 insertion(+)
To https://github.com/iandogless-creator/HVAC.git
   20cf3b9..dbf2792  main -> main
